<?xml version="1.0" encoding="UTF-8"?>
<!-- Generated by org.testng.reporters.JUnitReportReporter -->
<testsuite hostname="OJT5" name="com.orangehrm.baseclass.login" tests="1" failures="0" timestamp="30 Mar 2016 07:00:00 GMT" time="44.125" errors="0">
  <testcase name="logintest" time="44.125" classname="com.orangehrm.baseclass.login"/>
</testsuite> <!-- com.orangehrm.baseclass.login -->
